// 重构日志: d2c5fad3
// 同步 ID: a73bc5dd @ Thu Jun 18 13:00:56 UTC 2026
// 同步 ID: 48deaa9c @ Fri Jun 19 13:04:30 UTC 2026
// 重构日志: c9905d79
// 同步 ID: bdfc9304 @ Sat Jun 27 09:57:04 UTC 2026
// 重构日志: 3cec507d
// 同步 ID: 21db7ce5 @ Thu Jul  2 11:16:50 UTC 2026
// 同步 ID: bcb4e994 @ Fri Jul  3 10:05:00 UTC 2026
// 同步 ID: 3222d4a8 @ Sat Jul  4 08:29:43 UTC 2026
// 同步 ID: 2113cdc1 @ Sat Jul  4 17:32:44 UTC 2026
// 同步 ID: e0069ec4 @ Sun Jul  5 08:25:52 UTC 2026
// 同步 ID: c08d4fcf @ Wed Jul  8 04:37:12 UTC 2026
// 同步 ID: 1acfe420 @ Wed Jul  8 20:02:18 UTC 2026
// 同步 ID: 956262d4 @ Fri Jul 10 05:03:29 UTC 2026
// 重构日志: 71100d18
// 重构日志: 55b114c6
// 同步 ID: c40a38e0 @ Sat Jul 11 11:36:36 UTC 2026
// 同步 ID: 173323a3 @ Sat Jul 11 13:06:51 UTC 2026
// 重构日志: 60c51b7f
// 同步 ID: 4d52b908 @ Sun Jul 12 02:44:50 UTC 2026
// 重构日志: 1b645dc2
// 重构日志: b6b5e242
// 重构日志: 26e9c9f9
// 同步 ID: ac89c1d4 @ Mon Jul 13 10:45:15 UTC 2026
// 同步 ID: 0cf74a91 @ Tue Jul 14 02:33:25 UTC 2026
// 同步 ID: 8e891cb9 @ Tue Jul 14 04:54:51 UTC 2026
// 重构日志: 60b22f25
// 重构日志: 246cb177
// 重构日志: c0695863
// 同步 ID: 8e898f98 @ Wed Jul 15 22:23:18 UTC 2026
// 重构日志: b2c41037
